0 info it worked if it ends with ok
1 verbose cli [ 'C:\\Program Files\\nodejs\\node.exe',
1 verbose cli   'C:\\Program Files\\nodejs\\node_modules\\npm\\bin\\npm-cli.js',
1 verbose cli   'publish' ]
2 info using npm@3.10.10
3 info using node@v6.10.3
4 verbose publish [ '.' ]
5 silly cache add args [ '.', null ]
6 verbose cache add spec .
7 silly cache add parsed spec Result {
7 silly cache add   raw: '.',
7 silly cache add   scope: null,
7 silly cache add   escapedName: null,
7 silly cache add   name: null,
7 silly cache add   rawSpec: '.',
7 silly cache add   spec: 'c:\\Mod',
7 silly cache add   type: 'directory' }
8 verbose addLocalDirectory C:\Users\uloga\AppData\Roaming\npm-cache\@modulr\modulr\1.0.0\package.tgz not in flight; packing
9 verbose correctMkdir C:\Users\uloga\AppData\Roaming\npm-cache correctMkdir not in flight; initializing
10 info lifecycle @modulr/modulr@1.0.0~prepublish: @modulr/modulr@1.0.0
11 silly lifecycle @modulr/modulr@1.0.0~prepublish: no script for prepublish, continuing
12 verbose tar pack [ 'C:\\Users\\uloga\\AppData\\Roaming\\npm-cache\\@modulr\\modulr\\1.0.0\\package.tgz',
12 verbose tar pack   'c:\\Mod' ]
13 verbose tarball C:\Users\uloga\AppData\Roaming\npm-cache\@modulr\modulr\1.0.0\package.tgz
14 verbose folder c:\Mod
15 verbose addLocalTarball adding from inside cache C:\Users\uloga\AppData\Roaming\npm-cache\@modulr\modulr\1.0.0\package.tgz
16 verbose correctMkdir C:\Users\uloga\AppData\Roaming\npm-cache correctMkdir not in flight; initializing
17 silly cache afterAdd @modulr/modulr@1.0.0
18 verbose afterAdd C:\Users\uloga\AppData\Roaming\npm-cache\@modulr\modulr\1.0.0\package\package.json not in flight; writing
19 verbose correctMkdir C:\Users\uloga\AppData\Roaming\npm-cache correctMkdir not in flight; initializing
20 verbose afterAdd C:\Users\uloga\AppData\Roaming\npm-cache\@modulr\modulr\1.0.0\package\package.json written
21 silly publish { name: '@modulr/modulr',
21 silly publish   version: '1.0.0',
21 silly publish   description: 'A fast and modular approach to building powerful web and mobile interfaces.',
21 silly publish   main: 'index.js',
21 silly publish   scripts: { test: 'echo "Error: no test specified" && exit 1' },
21 silly publish   repository:
21 silly publish    { type: 'git',
21 silly publish      url: 'git+https://github.com/ModulrCSS/modulr.git' },
21 silly publish   keywords:
21 silly publish    [ 'frontend',
21 silly publish      'css3',
21 silly publish      'modulr',
21 silly publish      'framework',
21 silly publish      'layout',
21 silly publish      'flex',
21 silly publish      'button',
21 silly publish      'input',
21 silly publish      'grid',
21 silly publish      'boostrap',
21 silly publish      'components',
21 silly publish      'web' ],
21 silly publish   author: { name: 'Alan Museljic' },
21 silly publish   license: 'MIT',
21 silly publish   bugs: { url: 'https://github.com/ModulrCSS/modulr/issues' },
21 silly publish   homepage: 'https://github.com/ModulrCSS/modulr#readme',
21 silly publish   readme: 'ERROR: No README data found!',
21 silly publish   _id: '@modulr/modulr@1.0.0',
21 silly publish   _shasum: '7fde6a91fc24ed698585f28ef821d3e6ca752e42',
21 silly publish   _from: '.' }
22 verbose getPublishConfig undefined
23 silly mapToRegistry name @modulr/modulr
24 silly mapToRegistry scope (from package name) @modulr
25 verbose mapToRegistry no registry URL found in name for scope @modulr
26 silly mapToRegistry using default registry
27 silly mapToRegistry registry https://registry.npmjs.org/
28 silly mapToRegistry data Result {
28 silly mapToRegistry   raw: '@modulr/modulr',
28 silly mapToRegistry   scope: '@modulr',
28 silly mapToRegistry   escapedName: '@modulr%2fmodulr',
28 silly mapToRegistry   name: '@modulr/modulr',
28 silly mapToRegistry   rawSpec: '',
28 silly mapToRegistry   spec: 'latest',
28 silly mapToRegistry   type: 'tag' }
29 silly mapToRegistry uri https://registry.npmjs.org/@modulr%2fmodulr
30 verbose publish registryBase https://registry.npmjs.org/
31 silly publish uploading C:\Users\uloga\AppData\Roaming\npm-cache\@modulr\modulr\1.0.0\package.tgz
32 verbose request uri https://registry.npmjs.org/@modulr%2fmodulr
33 verbose request sending authorization for write operation
34 info attempt registry request try #1 at 11:48:02 PM
35 verbose request using bearer token for auth
36 verbose request id d4478ae70e274da8
37 http request PUT https://registry.npmjs.org/@modulr%2fmodulr
38 http 402 https://registry.npmjs.org/@modulr%2fmodulr
39 verbose headers { 'content-type': 'application/json',
39 verbose headers   'cache-control': 'max-age=0',
39 verbose headers   'content-length': '119',
39 verbose headers   'accept-ranges': 'bytes',
39 verbose headers   date: 'Tue, 06 Jun 2017 21:48:03 GMT',
39 verbose headers   via: '1.1 varnish',
39 verbose headers   connection: 'keep-alive',
39 verbose headers   'x-served-by': 'cache-fra1221-FRA',
39 verbose headers   'x-cache': 'MISS',
39 verbose headers   'x-cache-hits': '0',
39 verbose headers   'x-timer': 'S1496785682.875414,VS0,VE1341' }
40 verbose request invalidating C:\Users\uloga\AppData\Roaming\npm-cache\registry.npmjs.org\_40modulr_252fmodulr on PUT
41 error publish Failed PUT 402
42 verbose stack Error: You need a paid account to perform this action. For more info, visit: https://www.npmjs.com/private-modules : @modulr/modulr
42 verbose stack     at makeError (C:\Program Files\nodejs\node_modules\npm\node_modules\npm-registry-client\lib\request.js:302:12)
42 verbose stack     at CachingRegistryClient.<anonymous> (C:\Program Files\nodejs\node_modules\npm\node_modules\npm-registry-client\lib\request.js:290:14)
42 verbose stack     at Request._callback (C:\Program Files\nodejs\node_modules\npm\node_modules\npm-registry-client\lib\request.js:210:14)
42 verbose stack     at Request.self.callback (C:\Program Files\nodejs\node_modules\npm\node_modules\request\request.js:187:22)
42 verbose stack     at emitTwo (events.js:106:13)
42 verbose stack     at Request.emit (events.js:191:7)
42 verbose stack     at Request.<anonymous> (C:\Program Files\nodejs\node_modules\npm\node_modules\request\request.js:1048:10)
42 verbose stack     at emitOne (events.js:96:13)
42 verbose stack     at Request.emit (events.js:188:7)
42 verbose stack     at IncomingMessage.<anonymous> (C:\Program Files\nodejs\node_modules\npm\node_modules\request\request.js:969:12)
43 verbose statusCode 402
44 verbose pkgid @modulr/modulr
45 verbose cwd c:\Mod
46 error Windows_NT 10.0.14393
47 error argv "C:\\Program Files\\nodejs\\node.exe" "C:\\Program Files\\nodejs\\node_modules\\npm\\bin\\npm-cli.js" "publish"
48 error node v6.10.3
49 error npm  v3.10.10
50 error code E402
51 error You need a paid account to perform this action. For more info, visit: https://www.npmjs.com/private-modules : @modulr/modulr
52 error If you need help, you may report this error at:
52 error     <https://github.com/npm/npm/issues>
53 verbose exit [ 1, true ]
